<?xml version="1.0" encoding="UTF-8"?>
<coverage generated="1690569473163" clover="3.2.0">
  <project timestamp="1690569473163" name="All files">
    <metrics statements="29" coveredstatements="29" conditionals="19" coveredconditionals="17" methods="10" coveredmethods="10" elements="58" coveredelements="56" complexity="0" loc="29" ncloc="29" packages="1" files="1" classes="1"/>
    <file name="tasks.ts" path="/Users/hyleung/Personal/fullstack/backend/task1/services/tasks.ts">
      <metrics statements="29" coveredstatements="29" conditionals="19" coveredconditionals="17" methods="10" coveredmethods="10"/>
      <line num="1" count="1" type="stmt"/>
      <line num="14" count="1" type="stmt"/>
      <line num="15" count="5" type="stmt"/>
      <line num="18" count="3" type="cond" truecount="1" falsecount="0"/>
      <line num="19" count="1" type="stmt"/>
      <line num="22" count="3" type="cond" truecount="1" falsecount="0"/>
      <line num="23" count="1" type="cond" truecount="4" falsecount="2"/>
      <line num="26" count="4" type="stmt"/>
      <line num="27" count="3" type="stmt"/>
      <line num="29" count="3" type="stmt"/>
      <line num="36" count="16" type="stmt"/>
      <line num="37" count="2" type="cond" truecount="1" falsecount="0"/>
      <line num="38" count="1" type="stmt"/>
      <line num="40" count="1" type="stmt"/>
      <line num="44" count="41" type="stmt"/>
      <line num="49" count="41" type="stmt"/>
      <line num="50" count="41" type="stmt"/>
      <line num="54" count="31" type="stmt"/>
      <line num="55" count="4" type="cond" truecount="1" falsecount="0"/>
      <line num="56" count="1" type="stmt"/>
      <line num="58" count="3" type="cond" truecount="1" falsecount="0"/>
      <line num="59" count="2" type="stmt"/>
      <line num="61" count="3" type="cond" truecount="1" falsecount="0"/>
      <line num="62" count="2" type="stmt"/>
      <line num="64" count="3" type="stmt"/>
      <line num="68" count="15" type="stmt"/>
      <line num="69" count="2" type="cond" truecount="1" falsecount="0"/>
      <line num="70" count="1" type="stmt"/>
      <line num="72" count="1" type="stmt"/>
    </file>
  </project>
</coverage>
