{"/Users/hyleung/Personal/fullstack/backend/task1/services/tasks.ts": {"path":"/Users/hyleung/Personal/fullstack/backend/task1/services/tasks.ts","statementMap":{"0":{"start":{"line":1,"column":0},"end":{"line":1,"column":36}},"1":{"start":{"line":15,"column":4},"end":{"line":15,"column":23}},"2":{"start":{"line":18,"column":8},"end":{"line":20,"column":null}},"3":{"start":{"line":19,"column":12},"end":{"line":19,"column":23}},"4":{"start":{"line":22,"column":8},"end":{"line":24,"column":null}},"5":{"start":{"line":23,"column":12},"end":{"line":23,"column":45}},"6":{"start":{"line":26,"column":28},"end":{"line":26,"column":76}},"7":{"start":{"line":26,"column":57},"end":{"line":26,"column":75}},"8":{"start":{"line":27,"column":22},"end":{"line":27,"column":72}},"9":{"start":{"line":29,"column":8},"end":{"line":32,"column":10}},"10":{"start":{"line":36,"column":21},"end":{"line":36,"column":60}},"11":{"start":{"line":36,"column":45},"end":{"line":36,"column":59}},"12":{"start":{"line":37,"column":8},"end":{"line":39,"column":null}},"13":{"start":{"line":38,"column":12},"end":{"line":38,"column":47}},"14":{"start":{"line":40,"column":8},"end":{"line":40,"column":20}},"15":{"start":{"line":44,"column":21},"end":{"line":48,"column":10}},"16":{"start":{"line":49,"column":8},"end":{"line":49,"column":30}},"17":{"start":{"line":50,"column":8},"end":{"line":50,"column":20}},"18":{"start":{"line":54,"column":21},"end":{"line":54,"column":60}},"19":{"start":{"line":54,"column":45},"end":{"line":54,"column":59}},"20":{"start":{"line":55,"column":8},"end":{"line":57,"column":null}},"21":{"start":{"line":56,"column":12},"end":{"line":56,"column":47}},"22":{"start":{"line":58,"column":8},"end":{"line":60,"column":null}},"23":{"start":{"line":59,"column":12},"end":{"line":59,"column":31}},"24":{"start":{"line":61,"column":8},"end":{"line":63,"column":null}},"25":{"start":{"line":62,"column":12},"end":{"line":62,"column":43}},"26":{"start":{"line":64,"column":8},"end":{"line":64,"column":20}},"27":{"start":{"line":68,"column":26},"end":{"line":68,"column":70}},"28":{"start":{"line":68,"column":55},"end":{"line":68,"column":69}},"29":{"start":{"line":69,"column":8},"end":{"line":71,"column":null}},"30":{"start":{"line":70,"column":12},"end":{"line":70,"column":47}},"31":{"start":{"line":72,"column":8},"end":{"line":72,"column":40}},"32":{"start":{"line":14,"column":0},"end":{"line":14,"column":21}}},"fnMap":{"0":{"name":"(anonymous_0)","decl":{"start":{"line":14,"column":0},"end":{"line":14,"column":21}},"loc":{"start":{"line":14,"column":0},"end":{"line":74,"column":1}}},"1":{"name":"(anonymous_1)","decl":{"start":{"line":17,"column":11},"end":{"line":17,"column":20}},"loc":{"start":{"line":17,"column":50},"end":{"line":33,"column":5}}},"2":{"name":"(anonymous_2)","decl":{"start":{"line":26,"column":49},"end":{"line":26,"column":53}},"loc":{"start":{"line":26,"column":57},"end":{"line":26,"column":75}}},"3":{"name":"(anonymous_3)","decl":{"start":{"line":35,"column":11},"end":{"line":35,"column":18}},"loc":{"start":{"line":35,"column":29},"end":{"line":41,"column":5}}},"4":{"name":"(anonymous_4)","decl":{"start":{"line":36,"column":37},"end":{"line":36,"column":41}},"loc":{"start":{"line":36,"column":45},"end":{"line":36,"column":59}}},"5":{"name":"(anonymous_5)","decl":{"start":{"line":43,"column":11},"end":{"line":43,"column":21}},"loc":{"start":{"line":43,"column":56},"end":{"line":51,"column":5}}},"6":{"name":"(anonymous_6)","decl":{"start":{"line":53,"column":11},"end":{"line":53,"column":21}},"loc":{"start":{"line":53,"column":68},"end":{"line":65,"column":5}}},"7":{"name":"(anonymous_7)","decl":{"start":{"line":54,"column":37},"end":{"line":54,"column":41}},"loc":{"start":{"line":54,"column":45},"end":{"line":54,"column":59}}},"8":{"name":"(anonymous_8)","decl":{"start":{"line":67,"column":11},"end":{"line":67,"column":21}},"loc":{"start":{"line":67,"column":32},"end":{"line":73,"column":5}}},"9":{"name":"(anonymous_9)","decl":{"start":{"line":68,"column":47},"end":{"line":68,"column":51}},"loc":{"start":{"line":68,"column":55},"end":{"line":68,"column":69}}}},"branchMap":{"0":{"loc":{"start":{"line":18,"column":8},"end":{"line":20,"column":null}},"type":"if","locations":[{"start":{"line":18,"column":8},"end":{"line":20,"column":null}}]},"1":{"loc":{"start":{"line":22,"column":8},"end":{"line":24,"column":null}},"type":"if","locations":[{"start":{"line":22,"column":8},"end":{"line":24,"column":null}}]},"2":{"loc":{"start":{"line":23,"column":21},"end":{"line":23,"column":44}},"type":"binary-expr","locations":[{"start":{"line":23,"column":21},"end":{"line":23,"column":38}},{"start":{"line":23,"column":42},"end":{"line":23,"column":44}}]},"3":{"loc":{"start":{"line":23,"column":21},"end":{"line":23,"column":38}},"type":"cond-expr","locations":[{"start":{"line":23,"column":34},"end":{"line":23,"column":36}},{"start":{"line":23,"column":34},"end":{"line":23,"column":38}}]},"4":{"loc":{"start":{"line":23,"column":21},"end":{"line":23,"column":36}},"type":"binary-expr","locations":[{"start":{"line":23,"column":21},"end":{"line":23,"column":36}},{"start":{"line":23,"column":34},"end":{"line":23,"column":36}}]},"5":{"loc":{"start":{"line":31,"column":24},"end":{"line":31,"column":65}},"type":"binary-expr","locations":[{"start":{"line":31,"column":24},"end":{"line":31,"column":59}},{"start":{"line":31,"column":63},"end":{"line":31,"column":65}}]},"6":{"loc":{"start":{"line":31,"column":24},"end":{"line":31,"column":59}},"type":"cond-expr","locations":[{"start":{"line":31,"column":55},"end":{"line":31,"column":57}},{"start":{"line":31,"column":55},"end":{"line":31,"column":59}}]},"7":{"loc":{"start":{"line":31,"column":24},"end":{"line":31,"column":57}},"type":"binary-expr","locations":[{"start":{"line":31,"column":24},"end":{"line":31,"column":57}},{"start":{"line":31,"column":55},"end":{"line":31,"column":57}}]},"8":{"loc":{"start":{"line":37,"column":8},"end":{"line":39,"column":null}},"type":"if","locations":[{"start":{"line":37,"column":8},"end":{"line":39,"column":null}}]},"9":{"loc":{"start":{"line":55,"column":8},"end":{"line":57,"column":null}},"type":"if","locations":[{"start":{"line":55,"column":8},"end":{"line":57,"column":null}}]},"10":{"loc":{"start":{"line":58,"column":8},"end":{"line":60,"column":null}},"type":"if","locations":[{"start":{"line":58,"column":8},"end":{"line":60,"column":null}}]},"11":{"loc":{"start":{"line":61,"column":8},"end":{"line":63,"column":null}},"type":"if","locations":[{"start":{"line":61,"column":8},"end":{"line":63,"column":null}}]},"12":{"loc":{"start":{"line":69,"column":8},"end":{"line":71,"column":null}},"type":"if","locations":[{"start":{"line":69,"column":8},"end":{"line":71,"column":null}}]}},"s":{"0":1,"1":5,"2":3,"3":1,"4":3,"5":1,"6":3,"7":4,"8":3,"9":3,"10":2,"11":16,"12":2,"13":1,"14":1,"15":41,"16":41,"17":41,"18":4,"19":31,"20":4,"21":1,"22":3,"23":2,"24":3,"25":2,"26":3,"27":2,"28":15,"29":2,"30":1,"31":1,"32":1},"f":{"0":5,"1":3,"2":4,"3":2,"4":16,"5":41,"6":4,"7":31,"8":2,"9":15},"b":{"0":[1],"1":[1],"2":[1,0],"3":[0,1],"4":[1,1],"5":[3,2],"6":[2,1],"7":[3,3],"8":[1],"9":[1],"10":[2],"11":[2],"12":[1]}}
}
