TN:
SF:services/tasks.ts
FN:14,(anonymous_0)
FN:17,(anonymous_1)
FN:26,(anonymous_2)
FN:35,(anonymous_3)
FN:36,(anonymous_4)
FN:43,(anonymous_5)
FN:53,(anonymous_6)
FN:54,(anonymous_7)
FN:67,(anonymous_8)
FN:68,(anonymous_9)
FNF:10
FNH:10
FNDA:5,(anonymous_0)
FNDA:3,(anonymous_1)
FNDA:4,(anonymous_2)
FNDA:2,(anonymous_3)
FNDA:16,(anonymous_4)
FNDA:41,(anonymous_5)
FNDA:4,(anonymous_6)
FNDA:31,(anonymous_7)
FNDA:2,(anonymous_8)
FNDA:15,(anonymous_9)
DA:1,1
DA:14,1
DA:15,5
DA:18,3
DA:19,1
DA:22,3
DA:23,1
DA:26,4
DA:27,3
DA:29,3
DA:36,16
DA:37,2
DA:38,1
DA:40,1
DA:44,41
DA:49,41
DA:50,41
DA:54,31
DA:55,4
DA:56,1
DA:58,3
DA:59,2
DA:61,3
DA:62,2
DA:64,3
DA:68,15
DA:69,2
DA:70,1
DA:72,1
LF:29
LH:29
BRDA:18,0,0,1
BRDA:22,1,0,1
BRDA:23,2,0,1
BRDA:23,2,1,0
BRDA:23,3,0,0
BRDA:23,3,1,1
BRDA:23,4,0,1
BRDA:23,4,1,1
BRDA:31,5,0,3
BRDA:31,5,1,2
BRDA:31,6,0,2
BRDA:31,6,1,1
BRDA:31,7,0,3
BRDA:31,7,1,3
BRDA:37,8,0,1
BRDA:55,9,0,1
BRDA:58,10,0,2
BRDA:61,11,0,2
BRDA:69,12,0,1
BRF:19
BRH:17
end_of_record
